<?xml version="1.0" encoding="UTF-8"?>
<testsuite xmlns:xsi="http://www.w3.org/2001/XMLSchema-instance" xsi:noNamespaceSchemaLocation="https://maven.apache.org/surefire/maven-surefire-plugin/xsd/surefire-test-report.xsd" name="by.gstu.fitness.FitnessServiceTest" time="0.056" tests="5" errors="0" skipped="0" failures="0">
  <properties>
    <property name="sun.desktop" value="windows"/>
    <property name="awt.toolkit" value="sun.awt.windows.WToolkit"/>
    <property name="file.encoding.pkg" value="sun.io"/>
    <property name="java.specification.version" value="1.8"/>
    <property name="sun.cpu.isalist" value="amd64"/>
    <property name="sun.jnu.encoding" value="Cp1251"/>
    <property name="java.class.path" value="C:\Users\ronik\fitness-club\target\test-classes;C:\Users\ronik\fitness-club\target\classes;C:\Users\ronik\.m2\repository\org\junit\jupiter\junit-jupiter-api\5.10.0\junit-jupiter-api-5.10.0.jar;C:\Users\ronik\.m2\repository\org\opentest4j\opentest4j\1.3.0\opentest4j-1.3.0.jar;C:\Users\ronik\.m2\repository\org\junit\platform\junit-platform-commons\1.10.0\junit-platform-commons-1.10.0.jar;C:\Users\ronik\.m2\repository\org\apiguardian\apiguardian-api\1.1.2\apiguardian-api-1.1.2.jar;C:\Users\ronik\.m2\repository\org\junit\jupiter\junit-jupiter-engine\5.10.0\junit-jupiter-engine-5.10.0.jar;C:\Users\ronik\.m2\repository\org\junit\platform\junit-platform-engine\1.10.0\junit-platform-engine-1.10.0.jar;C:\Users\ronik\.m2\repository\org\apache\commons\commons-lang3\3.13.0\commons-lang3-3.13.0.jar;"/>
    <property name="java.vm.vendor" value="Temurin"/>
    <property name="sun.arch.data.model" value="64"/>
    <property name="user.variant" value=""/>
    <property name="java.vendor.url" value="https://adoptium.net/"/>
    <property name="user.timezone" value="Europe/Minsk"/>
    <property name="user.country.format" value="BY"/>
    <property name="java.vm.specification.version" value="1.8"/>
    <property name="os.name" value="Windows 10"/>
    <property name="user.country" value="RU"/>
    <property name="sun.java.launcher" value="SUN_STANDARD"/>
    <property name="sun.boot.library.path" value="C:\Program Files\Android\jdk\jdk-8.0.302.8-hotspot\jdk8u302-b08\jre\bin"/>
    <property name="sun.java.command" value="C:\Users\ronik\AppData\Local\Temp\surefire7674323524290051235\surefirebooter5685572889660715457.jar C:\Users\ronik\AppData\Local\Temp\surefire7674323524290051235 2025-10-02T11-58-00_532-jvmRun1 surefire3555639325551934402tmp surefire_03157299766761263893tmp"/>
    <property name="surefire.test.class.path" value="C:\Users\ronik\fitness-club\target\test-classes;C:\Users\ronik\fitness-club\target\classes;C:\Users\ronik\.m2\repository\org\junit\jupiter\junit-jupiter-api\5.10.0\junit-jupiter-api-5.10.0.jar;C:\Users\ronik\.m2\repository\org\opentest4j\opentest4j\1.3.0\opentest4j-1.3.0.jar;C:\Users\ronik\.m2\repository\org\junit\platform\junit-platform-commons\1.10.0\junit-platform-commons-1.10.0.jar;C:\Users\ronik\.m2\repository\org\apiguardian\apiguardian-api\1.1.2\apiguardian-api-1.1.2.jar;C:\Users\ronik\.m2\repository\org\junit\jupiter\junit-jupiter-engine\5.10.0\junit-jupiter-engine-5.10.0.jar;C:\Users\ronik\.m2\repository\org\junit\platform\junit-platform-engine\1.10.0\junit-platform-engine-1.10.0.jar;C:\Users\ronik\.m2\repository\org\apache\commons\commons-lang3\3.13.0\commons-lang3-3.13.0.jar;"/>
    <property name="sun.cpu.endian" value="little"/>
    <property name="user.home" value="C:\Users\ronik"/>
    <property name="user.language" value="ru"/>
    <property name="java.specification.vendor" value="Oracle Corporation"/>
    <property name="java.home" value="C:\Program Files\Android\jdk\jdk-8.0.302.8-hotspot\jdk8u302-b08\jre"/>
    <property name="basedir" value="C:\Users\ronik\fitness-club"/>
    <property name="file.separator" value="\"/>
    <property name="line.separator" value="&#10;"/>
    <property name="java.vm.specification.vendor" value="Oracle Corporation"/>
    <property name="java.specification.name" value="Java Platform API Specification"/>
    <property name="java.awt.graphicsenv" value="sun.awt.Win32GraphicsEnvironment"/>
    <property name="surefire.real.class.path" value="C:\Users\ronik\AppData\Local\Temp\surefire7674323524290051235\surefirebooter5685572889660715457.jar;C:\\Users\\ronik\\.m2\\repository\\org\\jacoco\\org.jacoco.agent\\0.8.10\\org.jacoco.agent-0.8.10-runtime.jar"/>
    <property name="sun.boot.class.path" value="C:\Program Files\Android\jdk\jdk-8.0.302.8-hotspot\jdk8u302-b08\jre\lib\resources.jar;C:\Program Files\Android\jdk\jdk-8.0.302.8-hotspot\jdk8u302-b08\jre\lib\rt.jar;C:\Program Files\Android\jdk\jdk-8.0.302.8-hotspot\jdk8u302-b08\jre\lib\sunrsasign.jar;C:\Program Files\Android\jdk\jdk-8.0.302.8-hotspot\jdk8u302-b08\jre\lib\jsse.jar;C:\Program Files\Android\jdk\jdk-8.0.302.8-hotspot\jdk8u302-b08\jre\lib\jce.jar;C:\Program Files\Android\jdk\jdk-8.0.302.8-hotspot\jdk8u302-b08\jre\lib\charsets.jar;C:\Program Files\Android\jdk\jdk-8.0.302.8-hotspot\jdk8u302-b08\jre\lib\jfr.jar;C:\Program Files\Android\jdk\jdk-8.0.302.8-hotspot\jdk8u302-b08\jre\classes"/>
    <property name="user.script" value=""/>
    <property name="sun.management.compiler" value="HotSpot 64-Bit Tiered Compilers"/>
    <property name="java.runtime.version" value="1.8.0_302-b08"/>
    <property name="user.name" value="alina"/>
    <property name="path.separator" value=";"/>
    <property name="os.version" value="10.0"/>
    <property name="java.endorsed.dirs" value="C:\Program Files\Android\jdk\jdk-8.0.302.8-hotspot\jdk8u302-b08\jre\lib\endorsed"/>
    <property name="java.runtime.name" value="OpenJDK Runtime Environment"/>
    <property name="file.encoding" value="Cp1251"/>
    <property name="java.vm.name" value="OpenJDK 64-Bit Server VM"/>
    <property name="localRepository" value="C:\Users\ronik\.m2\repository"/>
    <property name="java.vendor.url.bug" value="https://github.com/adoptium/adoptium-support/issues"/>
    <property name="java.io.tmpdir" value="C:\Users\ronik\AppData\Local\Temp\"/>
    <property name="java.version" value="1.8.0_302"/>
    <property name="user.dir" value="C:\Users\ronik\fitness-club"/>
    <property name="os.arch" value="amd64"/>
    <property name="java.vm.specification.name" value="Java Virtual Machine Specification"/>
    <property name="java.awt.printerjob" value="sun.awt.windows.WPrinterJob"/>
    <property name="sun.os.patch.level" value=""/>
    <property name="java.library.path" value="C:\Program Files\Android\jdk\jdk-8.0.302.8-hotspot\jdk8u302-b08\jre\bin;C:\WINDOWS\Sun\Java\bin;C:\WINDOWS\system32;C:\WINDOWS;C:\Users\ronik\apache-maven-3.8.8\bin;C:\Program Files\Android\jdk\jdk-8.0.302.8-hotspot\jdk8u302-b08\bin;C:\Users\ronik\bin;C:\Program Files\Git\mingw64\bin;C:\Program Files\Git\usr\local\bin;C:\Program Files\Git\usr\bin;C:\Program Files\Git\usr\bin;C:\Program Files\Git\mingw64\bin;C:\Program Files\Git\usr\bin;C:\Users\ronik\bin;C:\Program Files (x86)\Common Files\Oracle\Java\java8path;C:\Program Files (x86)\Common Files\Oracle\Java\javapath;C:\Program Files\Microsoft MPI\Bin;C:\Program Files\MongoDB\Server\8.0\bin;C:\WINDOWS\system32;C:\WINDOWS;C:\WINDOWS\System32\Wbem;C:\WINDOWS\System32\WindowsPowerShell\v1.0;C:\WINDOWS\System32\OpenSSH;C:\Program Files\Microsoft SQL Server\150\Tools\Binn;C:\Program Files\Microsoft SQL Server\Client SDK\ODBC\170\Tools\Binn;C:\Program Files\dotnet;C:\Program Files\nodejs;C:\Program Files\Git\cmd;C:\Program Files (x86)\Microsoft SQL Server\160\Tools\Binn;C:\Program Files\Microsoft SQL Server\160\Tools\Binn;C:\Program Files\Microsoft SQL Server\160\DTS\Binn;C:\Program Files (x86)\Microsoft SQL Server\160\DTS\Binn;C:\Program Files\MySQL\MySQL Shell 8.0\bin;C:\Users\ronik\AppData\Local\Programs\Python\Python312\Scripts;C:\Users\ronik\AppData\Local\Programs\Python\Python312;C:\Users\ronik\AppData\Local\Programs\Python\Launcher;C:\Users\ronik\AppData\Local\Microsoft\WindowsApps;C:\Users\ronik\AppData\Local\Programs\Microsoft VS Code\bin;C:\Program Files\JetBrains\PyCharm Community Edition 2024.2.3\bin;C:\Users\ronik\.dotnet\tools;C:\Users\ronik\AppData\Roaming\npm;C:\Program Files\JetBrains\IntelliJ IDEA Community Edition 2024.2.4\bin;C:\Program Files\heroku\bin;C:\Program Files\Git\usr\bin\vendor_perl;C:\Program Files\Git\usr\bin\core_perl;."/>
    <property name="java.vm.info" value="mixed mode"/>
    <property name="java.vendor" value="Temurin"/>
    <property name="java.vm.version" value="25.302-b08"/>
    <property name="java.ext.dirs" value="C:\Program Files\Android\jdk\jdk-8.0.302.8-hotspot\jdk8u302-b08\jre\lib\ext;C:\WINDOWS\Sun\Java\lib\ext"/>
    <property name="sun.io.unicode.encoding" value="UnicodeLittle"/>
    <property name="java.class.version" value="52.0"/>
  </properties>
  <testcase name="testFilterClientsByMembership" classname="by.gstu.fitness.FitnessServiceTest" time="0.027"/>
  <testcase name="testFindLessonsByTrainer" classname="by.gstu.fitness.FitnessServiceTest" time="0.002"/>
  <testcase name="testFindLessonsByTrainerName" classname="by.gstu.fitness.FitnessServiceTest" time="0.002"/>
  <testcase name="testNoLessonsForUnknownTrainer" classname="by.gstu.fitness.FitnessServiceTest" time="0.001"/>
  <testcase name="testFilterActiveClientsByMembership" classname="by.gstu.fitness.FitnessServiceTest" time="0.001"/>
</testsuite>